Build started 2/25/2015 1:18:25 AM.
     1>Project "E:\Documents\Visual Studio 2013\Projects\stcawn\stcawn\stcawn.vcxproj" on node 2 (Build target(s)).
     1>ClCompile:
         E:\Program Files (x86)\Microsoft Visual Studio 12.0\VC\bin\CL.exe /c /ZI /nologo /W3 /WX- /Od /Oy- /D WIN32 /D _DEBUG /D _CONSOLE /D _LIB /D _UNICODE /D UNICODE /Gm /EHsc /RTC1 /MDd /GS /fp:precise /Zc:wchar_t /Zc:forScope /Fo"Debug\\" /Fd"Debug\vc120.pdb" /Gd /TP /analyze- /errorReport:prompt WordNetOutputStripper.cpp main.cpp
         main.cpp
         WordNetOutputStripper.cpp
     1>e:\documents\visual studio 2013\projects\stcawn\stcawn\wordnetoutputstripper.cpp(50): warning C4996: 'strcat': This function or variable may be unsafe. Consider using strcat_s instead. To disable deprecation, use _CRT_SECURE_NO_WARNINGS. See online help for details.
                 e:\program files (x86)\microsoft visual studio 12.0\vc\include\string.h(118) : see declaration of 'strcat'
     1>e:\documents\visual studio 2013\projects\stcawn\stcawn\wordnetoutputstripper.cpp(54): warning C4996: 'strcpy': This function or variable may be unsafe. Consider using strcpy_s instead. To disable deprecation, use _CRT_SECURE_NO_WARNINGS. See online help for details.
                 e:\program files (x86)\microsoft visual studio 12.0\vc\include\string.h(112) : see declaration of 'strcpy'
     1>e:\documents\visual studio 2013\projects\stcawn\stcawn\wordnetoutputstripper.cpp(59): warning C4996: 'strcpy': This function or variable may be unsafe. Consider using strcpy_s instead. To disable deprecation, use _CRT_SECURE_NO_WARNINGS. See online help for details.
                 e:\program files (x86)\microsoft visual studio 12.0\vc\include\string.h(112) : see declaration of 'strcpy'
         Generating Code...
       Link:
         E:\Program Files (x86)\Microsoft Visual Studio 12.0\VC\bin\link.exe /ERRORREPORT:PROMPT /OUT:"E:\Documents\Visual Studio 2013\Projects\stcawn\Debug\stcawn.exe" /INCREMENTAL /NOLOGO kernel32.lib user32.lib gdi32.lib winspool.lib comdlg32.lib advapi32.lib shell32.lib ole32.lib oleaut32.lib uuid.lib odbc32.lib odbccp32.lib /MANIFEST /MANIFESTUAC:"level='asInvoker' uiAccess='false'" /manifest:embed /DEBUG /PDB:"E:\Documents\Visual Studio 2013\Projects\stcawn\Debug\stcawn.pdb" /SUBSYSTEM:CONSOLE /TLBID:1 /DYNAMICBASE /NXCOMPAT /IMPLIB:"E:\Documents\Visual Studio 2013\Projects\stcawn\Debug\stcawn.lib" /MACHINE:X86 Debug\main.obj
         Debug\menu.obj
         Debug\porter2_stemmer.obj
         Debug\WordNetOutputStripper.obj
         stcawn.vcxproj -> E:\Documents\Visual Studio 2013\Projects\stcawn\Debug\stcawn.exe
     1>Done Building Project "E:\Documents\Visual Studio 2013\Projects\stcawn\stcawn\stcawn.vcxproj" (Build target(s)).

Build succeeded.

Time Elapsed 00:00:00.76
